<?xml version="1.0" encoding="UTF-8"?>
<!-- Generated by org.testng.reporters.JUnitReportReporter -->
<testsuite name="resources.Base" tests="1" time="35.823" ignored="0" failures="0" timestamp="12 Oct 2019 09:41:32 GMT" skipped="0" hostname="CBT-MH-000" errors="0">
  <testcase name="Validate" time="35.823" classname="resources.Base"/>
</testsuite> <!-- resources.Base -->
